\BOOKMARK [0][-]{chapter.1}{\376\377\0001\000\040\000S\000t\000r\000o\000n\000a\000\040\000g\001\102\000\363\000w\000n\000a\000\040\000d\000o\000k\000u\000m\000e\000n\000t\000a\000c\000j\000i}{}% 1
\BOOKMARK [1][-]{section.1.1}{\376\377\0001\000.\0001\000\040\000D\000o\000k\000u\000m\000e\000n\000t\000a\000c\000j\000a}{chapter.1}% 2
\BOOKMARK [1][-]{section.1.2}{\376\377\0001\000.\0002\000\040\000R\000e\000a\000l\000i\000z\000a\000c\000j\000a\000\040\000z\000a\000d\000a\000n\000i\000a}{chapter.1}% 3
\BOOKMARK [0][-]{chapter.2}{\376\377\0002\000\040\000T\000r\000e\001\133\001\007\000\040\000Z\000a\000d\000a\000n\000i\000a}{}% 4
\BOOKMARK [0][-]{chapter.3}{\376\377\0003\000\040\000W\000y\000k\000o\000n\000a\000n\000e\000\040\000p\000o\000d\000p\000u\000n\000k\000t\000y}{}% 5
\BOOKMARK [1][-]{section.3.1}{\376\377\0003\000.\0001\000\040\000P\000o\000d\000p\000u\000n\000k\000t\000y}{chapter.3}% 6
\BOOKMARK [2][-]{subsection.3.1.1}{\376\377\0003\000.\0001\000.\0001\000\040\000U\001\174\000y\000w\000a\000j\001\005\000c\000\040\000w\000y\001\102\001\005\000c\000z\000n\000i\000e\000\040\000m\000u\000t\000e\000x\000y\000/\000s\000e\000m\000a\000f\000o\000r\000y}{section.3.1}% 7
\BOOKMARK [2][-]{subsection.3.1.2}{\376\377\0003\000.\0001\000.\0002\000\040\000W\000y\000k\000o\000r\000z\000y\000s\000t\000u\000j\001\005\000c\000\040\000z\000m\000i\000e\000n\000n\000e\000\040\000w\000a\000r\000u\000n\000k\000o\000w\000e\000\040\000\050\000c\000o\000n\000d\000i\000t\000i\000o\000n\000\040\000v\000a\000r\000i\000a\000b\000l\000e\000s\000\051}{section.3.1}% 8
\BOOKMARK [0][-]{chapter.4}{\376\377\0004\000\040\000I\000n\000s\000t\000r\000u\000k\000c\000j\000a\000\040\000o\000b\000s\001\102\000u\000g\000i}{}% 9
\BOOKMARK [1][-]{section.4.1}{\376\377\0004\000.\0001\000\040\000K\000o\000m\000p\000i\000l\000a\000c\000j\000a\000\040\000p\000r\000o\000g\000r\000a\000m\000u}{chapter.4}% 10
\BOOKMARK [2][-]{subsection.4.1.1}{\376\377\0004\000.\0001\000.\0001\000\040\000g\000c\000c\000\040\000m\000a\000i\000n\000.\000c\000\040\000-\000o\000\040\000p\000r\000o\000g\000r\000a\000m}{section.4.1}% 11
\BOOKMARK [1][-]{section.4.2}{\376\377\0004\000.\0002\000\040\000R\000e\000a\000l\000i\000z\000a\000c\000j\000a\000\040\000z\000a\000d\000a\000n\000i\000a}{chapter.4}% 12
\BOOKMARK [2][-]{subsection.4.2.1}{\376\377\0004\000.\0002\000.\0001\000\040\000I\000l\000o\001\133\001\007\000\040\000w\001\005\000t\000k\000\363\000w\000\050\000s\000a\000m\000o\000c\000h\000o\000d\000\363\000w\000\051}{section.4.2}% 13
\BOOKMARK [2][-]{subsection.4.2.2}{\376\377\0004\000.\0002\000.\0002\000\040\000R\000o\000d\000z\000a\000j\000\040\000r\000e\000a\000l\000i\000z\000a\000c\000j\000i\000\040\000p\000r\000o\000j\000e\000k\000t\000u}{section.4.2}% 14
\BOOKMARK [1][-]{section.4.3}{\376\377\0004\000.\0003\000\040\000P\000r\000z\000y\000k\001\102\000a\000d\000y}{chapter.4}% 15
\BOOKMARK [2][-]{subsection.4.3.1}{\376\377\0004\000.\0003\000.\0001\000\040\000.\000/\000p\000r\000o\000g\000r\000a\000m\000\040\0001\0000\000\040\0000}{section.4.3}% 16
\BOOKMARK [2][-]{subsection.4.3.2}{\376\377\0004\000.\0003\000.\0002\000\040\000.\000/\000p\000r\000o\000g\000r\000a\000m\000\040\0001\0005\000\040\0001}{section.4.3}% 17
\BOOKMARK [0][-]{chapter.5}{\376\377\0005\000\040\000I\000n\000d\000e\000k\000s\000\040\000s\000t\000r\000u\000k\000t\000u\000r\000\040\000d\000a\000n\000y\000c\000h}{}% 18
\BOOKMARK [1][-]{section.5.1}{\376\377\0005\000.\0001\000\040\000S\000t\000r\000u\000k\000t\000u\000r\000y\000\040\000d\000a\000n\000y\000c\000h}{chapter.5}% 19
\BOOKMARK [0][-]{chapter.6}{\376\377\0006\000\040\000I\000n\000d\000e\000k\000s\000\040\000p\000l\000i\000k\000\363\000w}{}% 20
\BOOKMARK [1][-]{section.6.1}{\376\377\0006\000.\0001\000\040\000L\000i\000s\000t\000a\000\040\000p\000l\000i\000k\000\363\000w}{chapter.6}% 21
\BOOKMARK [0][-]{chapter.7}{\376\377\0007\000\040\000D\000o\000k\000u\000m\000e\000n\000t\000a\000c\000j\000a\000\040\000s\000t\000r\000u\000k\000t\000u\000r\000\040\000d\000a\000n\000y\000c\000h}{}% 22
\BOOKMARK [1][-]{section.7.1}{\376\377\0007\000.\0001\000\040\000D\000o\000k\000u\000m\000e\000n\000t\000a\000c\000j\000a\000\040\000s\000t\000r\000u\000k\000t\000u\000r\000y\000\040\000C\000a\000r}{chapter.7}% 23
\BOOKMARK [2][-]{subsection.7.1.1}{\376\377\0007\000.\0001\000.\0001\000\040\000O\000p\000i\000s\000\040\000s\000z\000c\000z\000e\000g\000\363\001\102\000o\000w\000y}{section.7.1}% 24
\BOOKMARK [2][-]{subsection.7.1.2}{\376\377\0007\000.\0001\000.\0002\000\040\000D\000o\000k\000u\000m\000e\000n\000t\000a\000c\000j\000a\000\040\000p\000\363\000l}{section.7.1}% 25
\BOOKMARK [3][-]{subsubsection.7.1.2.1}{\376\377\0007\000.\0001\000.\0002\000.\0001\000\040\000c\000a\000r\000I\000d}{subsection.7.1.2}% 26
\BOOKMARK [3][-]{subsubsection.7.1.2.2}{\376\377\0007\000.\0001\000.\0002\000.\0002\000\040\000c\000i\000t\000y\000N\000a\000m\000e}{subsection.7.1.2}% 27
\BOOKMARK [3][-]{subsubsection.7.1.2.3}{\376\377\0007\000.\0001\000.\0002\000.\0003\000\040\000i\000d\000l\000e\000M\000e\000t\000e\000r}{subsection.7.1.2}% 28
\BOOKMARK [3][-]{subsubsection.7.1.2.4}{\376\377\0007\000.\0001\000.\0002\000.\0004\000\040\000i\000s\000W\000a\000i\000t\000i\000n\000g}{subsection.7.1.2}% 29
\BOOKMARK [3][-]{subsubsection.7.1.2.5}{\376\377\0007\000.\0001\000.\0002\000.\0005\000\040\000n\000e\000x\000t}{subsection.7.1.2}% 30
\BOOKMARK [3][-]{subsubsection.7.1.2.6}{\376\377\0007\000.\0001\000.\0002\000.\0006\000\040\000t\000h\000r\000e\000a\000d\000I\000d}{subsection.7.1.2}% 31
\BOOKMARK [0][-]{chapter.8}{\376\377\0008\000\040\000D\000o\000k\000u\000m\000e\000n\000t\000a\000c\000j\000a\000\040\000p\000l\000i\000k\000\363\000w}{}% 32
\BOOKMARK [1][-]{section.8.1}{\376\377\0008\000.\0001\000\040\000D\000o\000k\000u\000m\000e\000n\000t\000a\000c\000j\000a\000\040\000p\000l\000i\000k\000u\000\040\000P\000r\000o\000g\000r\000a\000m\000/\000d\000r\000a\000w\000.\000c}{chapter.8}% 33
\BOOKMARK [2][-]{subsection.8.1.1}{\376\377\0008\000.\0001\000.\0001\000\040\000O\000p\000i\000s\000\040\000s\000z\000c\000z\000e\000g\000\363\001\102\000o\000w\000y}{section.8.1}% 34
\BOOKMARK [2][-]{subsection.8.1.2}{\376\377\0008\000.\0001\000.\0002\000\040\000D\000o\000k\000u\000m\000e\000n\000t\000a\000c\000j\000a\000\040\000f\000u\000n\000k\000c\000j\000i}{section.8.1}% 35
\BOOKMARK [3][-]{subsubsection.8.1.2.1}{\376\377\0008\000.\0001\000.\0002\000.\0001\000\040\000d\000r\000a\000w\000\050\000\051}{subsection.8.1.2}% 36
\BOOKMARK [1][-]{section.8.2}{\376\377\0008\000.\0002\000\040\000d\000r\000a\000w\000.\000c}{chapter.8}% 37
\BOOKMARK [1][-]{section.8.3}{\376\377\0008\000.\0003\000\040\000D\000o\000k\000u\000m\000e\000n\000t\000a\000c\000j\000a\000\040\000p\000l\000i\000k\000u\000\040\000P\000r\000o\000g\000r\000a\000m\000/\000m\000a\000i\000n\000.\000c}{chapter.8}% 38
\BOOKMARK [2][-]{subsection.8.3.1}{\376\377\0008\000.\0003\000.\0001\000\040\000O\000p\000i\000s\000\040\000s\000z\000c\000z\000e\000g\000\363\001\102\000o\000w\000y}{section.8.3}% 39
\BOOKMARK [2][-]{subsection.8.3.2}{\376\377\0008\000.\0003\000.\0002\000\040\000D\000o\000k\000u\000m\000e\000n\000t\000a\000c\000j\000a\000\040\000f\000u\000n\000k\000c\000j\000i}{section.8.3}% 40
\BOOKMARK [3][-]{subsubsection.8.3.2.1}{\376\377\0008\000.\0003\000.\0002\000.\0001\000\040\000m\000a\000i\000n\000\050\000\051}{subsection.8.3.2}% 41
\BOOKMARK [2][-]{subsection.8.3.3}{\376\377\0008\000.\0003\000.\0003\000\040\000D\000o\000k\000u\000m\000e\000n\000t\000a\000c\000j\000a\000\040\000z\000m\000i\000e\000n\000n\000y\000c\000h}{section.8.3}% 42
\BOOKMARK [3][-]{subsubsection.8.3.3.1}{\376\377\0008\000.\0003\000.\0003\000.\0001\000\040\000v\000a\000r\000i\000a\000b\000l\000e}{subsection.8.3.3}% 43
\BOOKMARK [1][-]{section.8.4}{\376\377\0008\000.\0004\000\040\000D\000o\000k\000u\000m\000e\000n\000t\000a\000c\000j\000a\000\040\000p\000l\000i\000k\000u\000\040\000P\000r\000o\000g\000r\000a\000m\000/\000r\000a\000n\000d\000o\000m\000.\000c}{chapter.8}% 44
\BOOKMARK [2][-]{subsection.8.4.1}{\376\377\0008\000.\0004\000.\0001\000\040\000D\000o\000k\000u\000m\000e\000n\000t\000a\000c\000j\000a\000\040\000f\000u\000n\000k\000c\000j\000i}{section.8.4}% 45
\BOOKMARK [3][-]{subsubsection.8.4.1.1}{\376\377\0008\000.\0004\000.\0001\000.\0001\000\040\000r\000a\000n\000d\000V\000a\000l\000u\000e\000\050\000\051}{subsection.8.4.1}% 46
\BOOKMARK [1][-]{section.8.5}{\376\377\0008\000.\0005\000\040\000r\000a\000n\000d\000o\000m\000.\000c}{chapter.8}% 47
\BOOKMARK [1][-]{section.8.6}{\376\377\0008\000.\0006\000\040\000D\000o\000k\000u\000m\000e\000n\000t\000a\000c\000j\000a\000\040\000p\000l\000i\000k\000u\000\040\000P\000r\000o\000g\000r\000a\000m\000/\000s\000i\000m\000u\000l\000a\000t\000i\000o\000n\000.\000c}{chapter.8}% 48
\BOOKMARK [2][-]{subsection.8.6.1}{\376\377\0008\000.\0006\000.\0001\000\040\000O\000p\000i\000s\000\040\000s\000z\000c\000z\000e\000g\000\363\001\102\000o\000w\000y}{section.8.6}% 49
\BOOKMARK [2][-]{subsection.8.6.2}{\376\377\0008\000.\0006\000.\0002\000\040\000D\000o\000k\000u\000m\000e\000n\000t\000a\000c\000j\000a\000\040\000f\000u\000n\000k\000c\000j\000i}{section.8.6}% 50
\BOOKMARK [3][-]{subsubsection.8.6.2.1}{\376\377\0008\000.\0006\000.\0002\000.\0001\000\040\000o\000n\000B\000r\000i\000d\000g\000e\000\050\000\051}{subsection.8.6.2}% 51
\BOOKMARK [3][-]{subsubsection.8.6.2.2}{\376\377\0008\000.\0006\000.\0002\000.\0002\000\040\000s\000i\000m\000u\000l\000a\000t\000i\000o\000n\000\050\000\051}{subsection.8.6.2}% 52
\BOOKMARK [2][-]{subsection.8.6.3}{\376\377\0008\000.\0006\000.\0003\000\040\000D\000o\000k\000u\000m\000e\000n\000t\000a\000c\000j\000a\000\040\000z\000m\000i\000e\000n\000n\000y\000c\000h}{section.8.6}% 53
\BOOKMARK [3][-]{subsubsection.8.6.3.1}{\376\377\0008\000.\0006\000.\0003\000.\0001\000\040\000m\000u\000t\000e\000x}{subsection.8.6.3}% 54
\BOOKMARK [1][-]{section.8.7}{\376\377\0008\000.\0007\000\040\000s\000i\000m\000u\000l\000a\000t\000i\000o\000n\000.\000c}{chapter.8}% 55
\BOOKMARK [1][-]{section.8.8}{\376\377\0008\000.\0008\000\040\000D\000o\000k\000u\000m\000e\000n\000t\000a\000c\000j\000a\000\040\000p\000l\000i\000k\000u\000\040\000P\000r\000o\000g\000r\000a\000m\000/\000s\000i\000m\000u\000l\000a\000t\000i\000o\000n\000E\000n\000v\000i\000r\000o\000n\000m\000e\000n\000t\000V\000a\000r\000i\000a\000b\000l\000e\000s\000.\000c}{chapter.8}% 56
\BOOKMARK [2][-]{subsection.8.8.1}{\376\377\0008\000.\0008\000.\0001\000\040\000O\000p\000i\000s\000\040\000s\000z\000c\000z\000e\000g\000\363\001\102\000o\000w\000y}{section.8.8}% 57
\BOOKMARK [2][-]{subsection.8.8.2}{\376\377\0008\000.\0008\000.\0002\000\040\000D\000o\000k\000u\000m\000e\000n\000t\000a\000c\000j\000a\000\040\000f\000u\000n\000k\000c\000j\000i}{section.8.8}% 58
\BOOKMARK [3][-]{subsubsection.8.8.2.1}{\376\377\0008\000.\0008\000.\0002\000.\0001\000\040\000o\000n\000B\000r\000i\000d\000g\000e\000E\000n\000v\000\050\000\051}{subsection.8.8.2}% 59
\BOOKMARK [3][-]{subsubsection.8.8.2.2}{\376\377\0008\000.\0008\000.\0002\000.\0002\000\040\000s\000i\000m\000u\000l\000a\000t\000i\000o\000n\000E\000n\000v\000i\000r\000o\000n\000m\000e\000n\000t\000V\000a\000r\000i\000a\000b\000l\000e\000s\000\050\000\051}{subsection.8.8.2}% 60
\BOOKMARK [2][-]{subsection.8.8.3}{\376\377\0008\000.\0008\000.\0003\000\040\000D\000o\000k\000u\000m\000e\000n\000t\000a\000c\000j\000a\000\040\000z\000m\000i\000e\000n\000n\000y\000c\000h}{section.8.8}% 61
\BOOKMARK [3][-]{subsubsection.8.8.3.1}{\376\377\0008\000.\0008\000.\0003\000.\0001\000\040\000e\000n\000v\000V\000a\000r}{subsection.8.8.3}% 62
\BOOKMARK [3][-]{subsubsection.8.8.3.2}{\376\377\0008\000.\0008\000.\0003\000.\0002\000\040\000m\000u\000t\000e\000x}{subsection.8.8.3}% 63
\BOOKMARK [1][-]{section.8.9}{\376\377\0008\000.\0009\000\040\000s\000i\000m\000u\000l\000a\000t\000i\000o\000n\000E\000n\000v\000i\000r\000o\000n\000m\000e\000n\000t\000V\000a\000r\000i\000a\000b\000l\000e\000s\000.\000c}{chapter.8}% 64
\BOOKMARK [1][-]{section.8.10}{\376\377\0008\000.\0001\0000\000\040\000D\000o\000k\000u\000m\000e\000n\000t\000a\000c\000j\000a\000\040\000p\000l\000i\000k\000u\000\040\000P\000r\000o\000g\000r\000a\000m\000/\000s\000t\000r\000u\000c\000t\000.\000c}{chapter.8}% 65
\BOOKMARK [2][-]{subsection.8.10.1}{\376\377\0008\000.\0001\0000\000.\0001\000\040\000O\000p\000i\000s\000\040\000s\000z\000c\000z\000e\000g\000\363\001\102\000o\000w\000y}{section.8.10}% 66
\BOOKMARK [2][-]{subsection.8.10.2}{\376\377\0008\000.\0001\0000\000.\0002\000\040\000D\000o\000k\000u\000m\000e\000n\000t\000a\000c\000j\000a\000\040\000d\000e\000f\000i\000n\000i\000c\000j\000i\000\040\000t\000y\000p\000\363\000w}{section.8.10}% 67
\BOOKMARK [3][-]{subsubsection.8.10.2.1}{\376\377\0008\000.\0001\0000\000.\0002\000.\0001\000\040\000C\000a\000r\000\137\000t}{subsection.8.10.2}% 68
\BOOKMARK [2][-]{subsection.8.10.3}{\376\377\0008\000.\0001\0000\000.\0003\000\040\000D\000o\000k\000u\000m\000e\000n\000t\000a\000c\000j\000a\000\040\000f\000u\000n\000k\000c\000j\000i}{section.8.10}% 69
\BOOKMARK [3][-]{subsubsection.8.10.3.1}{\376\377\0008\000.\0001\0000\000.\0003\000.\0001\000\040\000a\000d\000d\000C\000a\000r\000\050\000\051}{subsection.8.10.3}% 70
\BOOKMARK [3][-]{subsubsection.8.10.3.2}{\376\377\0008\000.\0001\0000\000.\0003\000.\0002\000\040\000d\000e\000l\000e\000t\000e\000L\000i\000s\000t\000\050\000\051}{subsection.8.10.3}% 71
\BOOKMARK [1][-]{section.8.11}{\376\377\0008\000.\0001\0001\000\040\000s\000t\000r\000u\000c\000t\000.\000c}{chapter.8}% 72
\BOOKMARK [0][-]{section*.13}{\376\377\000S\000k\000o\000r\000o\000w\000i\000d\000z}{}% 73
